<?xml version="1.0" encoding="UTF-8"?>
<!-- Generated by org.testng.reporters.JUnitReportReporter -->
<testsuite hostname="LAPTOP-09AFOE6P" failures="0" tests="1" name="testRunner.TC_1_and_5_TR" time="9.859" errors="0" timestamp="2023-11-13T21:29:28 IST" skipped="0">
  <testcase classname="testRunner.TC_1_and_5_TR" name="registerWithExistingEmail" time="9.859"/>
</testsuite> <!-- testRunner.TC_1_and_5_TR -->
