<?xml version="1.0" encoding="UTF-8"?>
<!-- Generated by org.testng.reporters.JUnitReportReporter -->
<testsuite hostname="LAPTOP-09AFOE6P" failures="0" tests="1" name="testRunner.TC_6_TR" time="13.803" errors="0" timestamp="2023-11-15T11:02:30 IST" skipped="0">
  <testcase classname="testRunner.TC_6_TR" name="ContactUsForm" time="13.803"/>
</testsuite> <!-- testRunner.TC_6_TR -->
