<?xml version="1.0" encoding="UTF-8"?>
<!-- Generated by org.testng.reporters.JUnitReportReporter -->
<testsuite hostname="LAPTOP-09AFOE6P" failures="0" tests="1" name="testRunner.TC_7_TR" time="34.743" errors="0" timestamp="2023-11-15T11:55:56 IST" skipped="0">
  <testcase classname="testRunner.TC_7_TR" name="verifyTestCasesPage" time="34.743"/>
</testsuite> <!-- testRunner.TC_7_TR -->
