<?xml version="1.0" encoding="UTF-8"?>
<!-- Generated by org.testng.reporters.JUnitReportReporter -->
<testsuite hostname="LAPTOP-09AFOE6P" failures="0" tests="1" name="testRunner.TC_25_26_TR" time="6.748" errors="0" timestamp="2023-11-15T22:39:44 IST" skipped="0">
  <testcase classname="testRunner.TC_25_26_TR" name="scrollUpAndScrollDownFunctionality" time="6.748"/>
</testsuite> <!-- testRunner.TC_25_26_TR -->
