<?xml version="1.0" encoding="UTF-8"?>
<!-- Generated by org.testng.reporters.JUnitReportReporter -->
<testsuite hostname="LAPTOP-09AFOE6P" failures="0" tests="1" name="testRunner.TC_10_11_TR" time="8.999" errors="0" timestamp="2023-11-15T22:30:35 IST" skipped="0">
  <testcase classname="testRunner.TC_10_11_TR" name="verifySubscriptionInCartPage" time="8.999"/>
</testsuite> <!-- testRunner.TC_10_11_TR -->
